

Version:	3.50
CmdLine:	C:\Users\ghost\OneDrive\Documentos\NetBeansProjects\Operaciones_cademas\Operaciones_cadenas.exe --l4j-debug
JNI:		No
WOW64:		Yes
Working dir:	C:\Users\ghost\OneDrive\Documentos\NetBeansProjects\Operaciones_cademas\.
Requires JDK:	No
Requires 64-Bit: No
Java min ver:	1.008.000
Java max ver:	
Substitute:	JAVA_HOME = 
Substitute:	PATH = C:\Program Files\Common Files\Oracle\Java\javapath;C:\WINDOWS\system32;C:\WINDOWS;C:\WINDOWS\System32\Wbem;C:\WINDOWS\System32\WindowsPowerShell\v1.0\;C:\WINDOWS\System32\OpenSSH\;C:\Program Files\Git\cmd;C:\Program Files\CMake\bin;C:\Program Files\nodejs\;C:\Program Files\dotnet\;C:\Users\ghost\AppData\Local\Programs\Python\Python310\Scripts\;C:\Users\ghost\AppData\Local\Programs\Python\Python310\;C:\Users\ghost\AppData\Local\Programs\Python\Python313\Scripts\;C:\Users\ghost\AppData\Local\Programs\Python\Python313\;C:\Users\ghost\AppData\Local\Microsoft\WindowsApps;C:\Users\ghost\AppData\Local\Programs\Microsoft VS Code\bin;C:\Users\ghost\AppData\Local\spicetify;C:\Users\ghost\AppData\Roaming\npm;%USERPROFILE%\AppData\Local\Microsoft\WindowsApps;;C:\Program Files\Java\jdk-24\bin
JRE paths:	;C:\Program Files\Common Files\Oracle\Java\javapath;C:\WINDOWS\system32;C:\WINDOWS;C:\WINDOWS\System32\Wbem;C:\WINDOWS\System32\WindowsPowerShell\v1.0\;C:\WINDOWS\System32\OpenSSH\;C:\Program Files\Git\cmd;C:\Program Files\CMake\bin;C:\Program Files\nodejs\;C:\Program Files\dotnet\;C:\Users\ghost\AppData\Local\Programs\Python\Python310\Scripts\;C:\Users\ghost\AppData\Local\Programs\Python\Python310\;C:\Users\ghost\AppData\Local\Programs\Python\Python313\Scripts\;C:\Users\ghost\AppData\Local\Programs\Python\Python313\;C:\Users\ghost\AppData\Local\Microsoft\WindowsApps;C:\Users\ghost\AppData\Local\Programs\Microsoft VS Code\bin;C:\Users\ghost\AppData\Local\spicetify;C:\Users\ghost\AppData\Roaming\npm;%USERPROFILE%\AppData\Local\Microsoft\WindowsApps;;C:\Program Files\Java\jdk-24\bin
Check launcher:	C:\Program Files\Common Files\Oracle\Java\javapath\bin\javaw.exe (not found)
Check launcher:	C:\WINDOWS\system32\bin\javaw.exe (not found)
Check launcher:	C:\WINDOWS\bin\javaw.exe (not found)
Check launcher:	C:\WINDOWS\System32\Wbem\bin\javaw.exe (not found)
Check launcher:	C:\WINDOWS\System32\WindowsPowerShell\v1.0\bin\javaw.exe (not found)
Check launcher:	C:\WINDOWS\System32\OpenSSH\bin\javaw.exe (not found)
Check launcher:	C:\Program Files\Git\cmd\bin\javaw.exe (not found)
Check launcher:	C:\Program Files\CMake\bin\javaw.exe (not found)
Check launcher:	C:\Program Files\nodejs\bin\javaw.exe (not found)
Check launcher:	C:\Program Files\dotnet\bin\javaw.exe (not found)
Check launcher:	C:\Users\ghost\AppData\Local\Programs\Python\Python310\Scripts\bin\javaw.exe (not found)
Check launcher:	C:\Users\ghost\AppData\Local\Programs\Python\Python310\bin\javaw.exe (not found)
Check launcher:	C:\Users\ghost\AppData\Local\Programs\Python\Python313\Scripts\bin\javaw.exe (not found)
Check launcher:	C:\Users\ghost\AppData\Local\Programs\Python\Python313\bin\javaw.exe (not found)
Check launcher:	C:\Users\ghost\AppData\Local\Microsoft\WindowsApps\bin\javaw.exe (not found)
Check launcher:	C:\Users\ghost\AppData\Local\Programs\Microsoft VS Code\bin\javaw.exe (not found)
Check launcher:	C:\Users\ghost\AppData\Local\spicetify\bin\javaw.exe (not found)
Check launcher:	C:\Users\ghost\AppData\Roaming\npm\bin\javaw.exe (not found)
Check launcher:	C:\Users\ghost\OneDrive\Documentos\NetBeansProjects\Operaciones_cademas\%USERPROFILE%\AppData\Local\Microsoft\WindowsApps\bin\javaw.exe (not found)
Check launcher:	C:\Program Files\Java\jdk-24\bin\javaw.exe (OK)
Version string: 1.024.000_002 / 64-Bit (OK)
Launcher:	C:\Program Files\Java\jdk-24\bin\javaw.exe
Launcher args:	-jar "C:\Users\ghost\OneDrive\Documentos\NetBeansProjects\Operaciones_cademas\Operaciones_cadenas.exe"
Args length:	102/32768 chars
Exit code:	0


Version:	3.50
CmdLine:	C:\Users\ghost\OneDrive\Documentos\NetBeansProjects\Operaciones_cadenas\operaciones_cadenas 1.1.exe --l4j-debug
JNI:		No
WOW64:		Yes
Working dir:	C:\Users\ghost\OneDrive\Documentos\NetBeansProjects\Operaciones_cadenas\.
Requires JDK:	No
Requires 64-Bit: No
Java min ver:	
Java max ver:	
Substitute:	JAVA_HOME = 
Substitute:	PATH = C:\Program Files\Common Files\Oracle\Java\javapath;C:\WINDOWS\system32;C:\WINDOWS;C:\WINDOWS\System32\Wbem;C:\WINDOWS\System32\WindowsPowerShell\v1.0\;C:\WINDOWS\System32\OpenSSH\;C:\Program Files\Git\cmd;C:\Program Files\CMake\bin;C:\Program Files\nodejs\;C:\Program Files\dotnet\;C:\Users\ghost\AppData\Local\Programs\Python\Python310\Scripts\;C:\Users\ghost\AppData\Local\Programs\Python\Python310\;C:\Users\ghost\AppData\Local\Programs\Python\Python313\Scripts\;C:\Users\ghost\AppData\Local\Programs\Python\Python313\;C:\Users\ghost\AppData\Local\Microsoft\WindowsApps;C:\Users\ghost\AppData\Local\Programs\Microsoft VS Code\bin;C:\Users\ghost\AppData\Local\spicetify;C:\Users\ghost\AppData\Roaming\npm;%USERPROFILE%\AppData\Local\Microsoft\WindowsApps;;C:\Program Files\Java\jdk-24\bin
JRE paths:	;C:\Program Files\Common Files\Oracle\Java\javapath;C:\WINDOWS\system32;C:\WINDOWS;C:\WINDOWS\System32\Wbem;C:\WINDOWS\System32\WindowsPowerShell\v1.0\;C:\WINDOWS\System32\OpenSSH\;C:\Program Files\Git\cmd;C:\Program Files\CMake\bin;C:\Program Files\nodejs\;C:\Program Files\dotnet\;C:\Users\ghost\AppData\Local\Programs\Python\Python310\Scripts\;C:\Users\ghost\AppData\Local\Programs\Python\Python310\;C:\Users\ghost\AppData\Local\Programs\Python\Python313\Scripts\;C:\Users\ghost\AppData\Local\Programs\Python\Python313\;C:\Users\ghost\AppData\Local\Microsoft\WindowsApps;C:\Users\ghost\AppData\Local\Programs\Microsoft VS Code\bin;C:\Users\ghost\AppData\Local\spicetify;C:\Users\ghost\AppData\Roaming\npm;%USERPROFILE%\AppData\Local\Microsoft\WindowsApps;;C:\Program Files\Java\jdk-24\bin
Check launcher:	C:\Program Files\Common Files\Oracle\Java\javapath\bin\javaw.exe (not found)
Check launcher:	C:\WINDOWS\system32\bin\javaw.exe (not found)
Check launcher:	C:\WINDOWS\bin\javaw.exe (not found)
Check launcher:	C:\WINDOWS\System32\Wbem\bin\javaw.exe (not found)
Check launcher:	C:\WINDOWS\System32\WindowsPowerShell\v1.0\bin\javaw.exe (not found)
Check launcher:	C:\WINDOWS\System32\OpenSSH\bin\javaw.exe (not found)
Check launcher:	C:\Program Files\Git\cmd\bin\javaw.exe (not found)
Check launcher:	C:\Program Files\CMake\bin\javaw.exe (not found)
Check launcher:	C:\Program Files\nodejs\bin\javaw.exe (not found)
Check launcher:	C:\Program Files\dotnet\bin\javaw.exe (not found)
Check launcher:	C:\Users\ghost\AppData\Local\Programs\Python\Python310\Scripts\bin\javaw.exe (not found)
Check launcher:	C:\Users\ghost\AppData\Local\Programs\Python\Python310\bin\javaw.exe (not found)
Check launcher:	C:\Users\ghost\AppData\Local\Programs\Python\Python313\Scripts\bin\javaw.exe (not found)
Check launcher:	C:\Users\ghost\AppData\Local\Programs\Python\Python313\bin\javaw.exe (not found)
Check launcher:	C:\Users\ghost\AppData\Local\Microsoft\WindowsApps\bin\javaw.exe (not found)
Check launcher:	C:\Users\ghost\AppData\Local\Programs\Microsoft VS Code\bin\javaw.exe (not found)
Check launcher:	C:\Users\ghost\AppData\Local\spicetify\bin\javaw.exe (not found)
Check launcher:	C:\Users\ghost\AppData\Roaming\npm\bin\javaw.exe (not found)
Check launcher:	C:\Users\ghost\OneDrive\Documentos\NetBeansProjects\Operaciones_cadenas\%USERPROFILE%\AppData\Local\Microsoft\WindowsApps\bin\javaw.exe (not found)
Check launcher:	C:\Program Files\Java\jdk-24\bin\javaw.exe (OK)
Version string: 1.024.000_002 / 64-Bit (OK)
Launcher:	C:\Program Files\Java\jdk-24\bin\javaw.exe
Launcher args:	-jar "C:\Users\ghost\OneDrive\Documentos\NetBeansProjects\Operaciones_cadenas\operaciones_cadenas 1.1.exe"
Args length:	106/32768 chars
Exit code:	0
